<?xml version="1.0" encoding="UTF-8"?>
<!-- Generated by org.testng.reporters.JUnitXMLReporter -->
<testsuite ignored="2" hostname="DESKTOP-1A9RLKO" failures="0" tests="2" name="Test2" time="0.188" errors="0" timestamp="2023-12-22T16:53:43 IST">
  <testcase classname="testNG.Include_Exclude" name="c" time="0.031"/>
  <testcase classname="testNG.Include_Exclude" name="d" time="0.007"/>
  <testcase classname="testNG.Include_Exclude" name="b" time="0.0">
    <ignored/>
  </testcase> <!-- b -->
  <testcase classname="testNG.Include_Exclude" name="a" time="0.0">
    <ignored/>
  </testcase> <!-- a -->
</testsuite> <!-- Test2 -->
